INFO 2024-05-29 12:18:53,397 autoreload Watching for file changes with StatReloader
INFO 2024-05-29 12:18:56,041 mean_reversion This is an info message
WARNING 2024-05-29 12:18:56,041 mean_reversion This is a warning message
ERROR 2024-05-29 12:18:56,043 mean_reversion This is an error message
CRITICAL 2024-05-29 12:18:56,043 mean_reversion This is a critical message
INFO 2024-05-29 12:18:57,152 base Adding job tentatively -- it will be properly scheduled when the scheduler starts
INFO 2024-05-29 12:18:57,152 base Added job "execute_trades" to job store "default"
INFO 2024-05-29 12:18:57,152 base Scheduler started
INFO 2024-05-29 12:20:10,534 autoreload C:\Users\Sean Dowling\Trading_Bot\Django_back_end\myapi\finance_tools\mean_reversion.py changed, reloading.
INFO 2024-05-29 12:20:12,900 autoreload Watching for file changes with StatReloader
INFO 2024-05-29 12:20:15,790 mean_reversion This is an info message
WARNING 2024-05-29 12:20:15,790 mean_reversion This is a warning message
ERROR 2024-05-29 12:20:15,796 mean_reversion This is an error message
CRITICAL 2024-05-29 12:20:15,796 mean_reversion This is a critical message
INFO 2024-05-29 12:20:17,048 base Adding job tentatively -- it will be properly scheduled when the scheduler starts
INFO 2024-05-29 12:20:17,064 base Added job "execute_trades" to job store "default"
INFO 2024-05-29 12:20:17,065 base Scheduler started
INFO 2024-05-29 12:20:42,389 autoreload C:\Users\Sean Dowling\Trading_Bot\Django_back_end\TradingBotProj1\settings.py changed, reloading.
INFO 2024-05-29 12:20:44,110 autoreload Watching for file changes with StatReloader
INFO 2024-05-29 12:20:47,047 mean_reversion This is an info message
WARNING 2024-05-29 12:20:47,048 mean_reversion This is a warning message
ERROR 2024-05-29 12:20:47,049 mean_reversion This is an error message
CRITICAL 2024-05-29 12:20:47,049 mean_reversion This is a critical message
DEBUG 2024-05-29 12:20:47,050 win32 Looking up time zone info from registry
DEBUG 2024-05-29 12:20:47,069 connectionpool Starting new HTTPS connection (1): paper-api.alpaca.markets:443
DEBUG 2024-05-29 12:20:48,037 connectionpool https://paper-api.alpaca.markets:443 "GET /v2/clock HTTP/1.1" 200 148
DEBUG 2024-05-29 12:20:48,248 connectionpool https://paper-api.alpaca.markets:443 "GET /v2/clock HTTP/1.1" 200 148
INFO 2024-05-29 12:20:48,413 base Adding job tentatively -- it will be properly scheduled when the scheduler starts
INFO 2024-05-29 12:20:48,414 base Added job "execute_trades" to job store "default"
INFO 2024-05-29 12:20:48,416 base Scheduler started
DEBUG 2024-05-29 12:20:48,417 base Looking for jobs to run
DEBUG 2024-05-29 12:20:48,418 base Next wakeup is due at 2024-05-29 15:30:00+01:00 (in 11351.582297 seconds)
INFO 2024-05-29 12:21:58,773 autoreload C:\Users\Sean Dowling\Trading_Bot\Django_back_end\myapi\finance_tools\mean_reversion.py changed, reloading.
INFO 2024-05-29 12:22:00,631 autoreload Watching for file changes with StatReloader
INFO 2024-05-29 12:22:03,136 mean_reversion This is an info message
WARNING 2024-05-29 12:22:03,136 mean_reversion This is a warning message
ERROR 2024-05-29 12:22:03,136 mean_reversion This is an error message
CRITICAL 2024-05-29 12:22:03,136 mean_reversion This is a critical message
DEBUG 2024-05-29 12:22:03,136 win32 Looking up time zone info from registry
DEBUG 2024-05-29 12:22:03,154 connectionpool Starting new HTTPS connection (1): paper-api.alpaca.markets:443
DEBUG 2024-05-29 12:22:03,942 connectionpool https://paper-api.alpaca.markets:443 "GET /v2/clock HTTP/1.1" 200 148
DEBUG 2024-05-29 12:22:04,068 connectionpool https://paper-api.alpaca.markets:443 "GET /v2/clock HTTP/1.1" 200 148
INFO 2024-05-29 12:22:04,209 base Adding job tentatively -- it will be properly scheduled when the scheduler starts
INFO 2024-05-29 12:22:04,209 mean_reversion Market is closed. Scheduled to run when the market opens at [2024-05-29 14:30:00+00:00 UTC].
INFO 2024-05-29 12:22:04,209 base Added job "execute_trades" to job store "default"
INFO 2024-05-29 12:22:04,209 base Scheduler started
DEBUG 2024-05-29 12:22:04,209 base Looking for jobs to run
DEBUG 2024-05-29 12:22:04,209 base Next wakeup is due at 2024-05-29 15:30:00+01:00 (in 11275.790895 seconds)
INFO 2024-05-29 12:22:16,932 autoreload C:\Users\Sean Dowling\Trading_Bot\Django_back_end\myapi\finance_tools\mean_reversion.py changed, reloading.
INFO 2024-05-29 12:22:18,718 autoreload Watching for file changes with StatReloader
INFO 2024-05-29 12:22:21,073 mean_reversion Running trading algorithm.
INFO 2024-05-29 12:22:21,073 mean_reversion This is an info message
WARNING 2024-05-29 12:22:21,073 mean_reversion This is a warning message
ERROR 2024-05-29 12:22:21,073 mean_reversion This is an error message
CRITICAL 2024-05-29 12:22:21,076 mean_reversion This is a critical message
DEBUG 2024-05-29 12:22:21,076 win32 Looking up time zone info from registry
DEBUG 2024-05-29 12:22:21,082 connectionpool Starting new HTTPS connection (1): paper-api.alpaca.markets:443
DEBUG 2024-05-29 12:22:21,937 connectionpool https://paper-api.alpaca.markets:443 "GET /v2/clock HTTP/1.1" 200 148
DEBUG 2024-05-29 12:22:22,106 connectionpool https://paper-api.alpaca.markets:443 "GET /v2/clock HTTP/1.1" 200 148
INFO 2024-05-29 12:22:22,249 base Adding job tentatively -- it will be properly scheduled when the scheduler starts
INFO 2024-05-29 12:22:22,252 mean_reversion Market is closed. Scheduled to run when the market opens at [2024-05-29 14:30:00+00:00 UTC].
INFO 2024-05-29 12:22:22,254 base Added job "execute_trades" to job store "default"
INFO 2024-05-29 12:22:22,254 base Scheduler started
DEBUG 2024-05-29 12:22:22,256 base Looking for jobs to run
DEBUG 2024-05-29 12:22:22,256 base Next wakeup is due at 2024-05-29 15:30:00+01:00 (in 11257.743802 seconds)
INFO 2024-05-29 12:22:32,570 autoreload C:\Users\Sean Dowling\Trading_Bot\Django_back_end\myapi\finance_tools\mean_reversion.py changed, reloading.
